<?xml version="1.0" encoding="UTF-8"?>
<!-- Generated by org.testng.reporters.JUnitXMLReporter -->
<testsuite ignored="4" hostname="DESKTOP-QQN04FF" failures="0" tests="5" name="Chrome - Login &amp; Products Tests" time="62.204" errors="0" timestamp="2025-11-14T22:37:10 EET">
  <testcase classname="tests.LoginTests" name="invalidLogin" time="0.636"/>
  <testcase classname="tests.LoginTests" name="lockedUserLogin" time="2.109"/>
  <testcase classname="tests.LoginTests" name="validLogin" time="0.823"/>
  <testcase classname="tests.ProductTests" name="productListingTest" time="1.106"/>
  <testcase classname="tests.SortingTests" name="sortProductsTest" time="2.926"/>
  <testcase classname="base.BaseTest" name="@BeforeSuite setupReport" time="0.0">
    <ignored/>
  </testcase> <!-- @BeforeSuite setupReport -->
  <testcase classname="base.BaseTest" name="@AfterSuite flushReport" time="0.0">
    <ignored/>
  </testcase> <!-- @AfterSuite flushReport -->
  <testcase classname="base.BaseTest" name="@BeforeSuite setupReport" time="0.0">
    <ignored/>
  </testcase> <!-- @BeforeSuite setupReport -->
  <testcase classname="base.BaseTest" name="@AfterSuite flushReport" time="0.0">
    <ignored/>
  </testcase> <!-- @AfterSuite flushReport -->
</testsuite> <!-- Chrome - Login & Products Tests -->
