<?xml version="1.0" encoding="UTF-8"?>
<testng-results ignored="8" total="18" passed="10" failed="0" skipped="0">
  <reporter-output>
  </reporter-output>
  <suite started-at="2025-11-14T22:36:08 EET" name="SauceDemo Unified Suite" finished-at="2025-11-14T22:37:41 EET" duration-ms="92429">
    <groups>
    </groups>
    <test started-at="2025-11-14T22:36:08 EET" name="Chrome - Login &amp; Products Tests" finished-at="2025-11-14T22:37:10 EET" duration-ms="62204">
      <class name="tests.LoginTests">
        <test-method is-config="true" signature="setup(java.lang.String,boolean)[pri:0, instance:tests.LoginTests@5be6e01c]" started-at="2025-11-14T22:36:08 EET" name="setup" finished-at="2025-11-14T22:36:17 EET" duration-ms="8517" status="PASS">
          <params>
            <param index="0">
              <value>
                <![CDATA[chrome]]>
              </value>
            </param>
            <param index="1">
              <value>
                <![CDATA[false]]>
              </value>
            </param>
          </params>
          <reporter-output>
          </reporter-output>
        </test-method> <!-- setup -->
        <test-method signature="invalidLogin()[pri:0, instance:tests.LoginTests@5be6e01c]" started-at="2025-11-14T22:36:17 EET" name="invalidLogin" finished-at="2025-11-14T22:36:17 EET" duration-ms="636" status="PASS">
          <reporter-output>
          </reporter-output>
        </test-method> <!-- invalidLogin -->
        <test-method is-config="true" signature="tearDown()[pri:0, instance:tests.LoginTests@5be6e01c]" started-at="2025-11-14T22:36:17 EET" name="tearDown" finished-at="2025-11-14T22:36:21 EET" duration-ms="3175" status="PASS">
          <reporter-output>
          </reporter-output>
        </test-method> <!-- tearDown -->
        <test-method is-config="true" signature="setup(java.lang.String,boolean)[pri:0, instance:tests.LoginTests@5be6e01c]" started-at="2025-11-14T22:36:21 EET" name="setup" finished-at="2025-11-14T22:36:31 EET" duration-ms="10215" status="PASS">
          <params>
            <param index="0">
              <value>
                <![CDATA[chrome]]>
              </value>
            </param>
            <param index="1">
              <value>
                <![CDATA[false]]>
              </value>
            </param>
          </params>
          <reporter-output>
          </reporter-output>
        </test-method> <!-- setup -->
        <test-method signature="lockedUserLogin()[pri:0, instance:tests.LoginTests@5be6e01c]" started-at="2025-11-14T22:36:31 EET" name="lockedUserLogin" finished-at="2025-11-14T22:36:33 EET" duration-ms="2109" status="PASS">
          <reporter-output>
          </reporter-output>
        </test-method> <!-- lockedUserLogin -->
        <test-method is-config="true" signature="tearDown()[pri:0, instance:tests.LoginTests@5be6e01c]" started-at="2025-11-14T22:36:33 EET" name="tearDown" finished-at="2025-11-14T22:36:35 EET" duration-ms="2113" status="PASS">
          <reporter-output>
          </reporter-output>
        </test-method> <!-- tearDown -->
        <test-method is-config="true" signature="setup(java.lang.String,boolean)[pri:0, instance:tests.LoginTests@5be6e01c]" started-at="2025-11-14T22:36:35 EET" name="setup" finished-at="2025-11-14T22:36:40 EET" duration-ms="4538" status="PASS">
          <params>
            <param index="0">
              <value>
                <![CDATA[chrome]]>
              </value>
            </param>
            <param index="1">
              <value>
                <![CDATA[false]]>
              </value>
            </param>
          </params>
          <reporter-output>
          </reporter-output>
        </test-method> <!-- setup -->
        <test-method signature="validLogin()[pri:0, instance:tests.LoginTests@5be6e01c]" started-at="2025-11-14T22:36:40 EET" name="validLogin" finished-at="2025-11-14T22:36:40 EET" duration-ms="823" status="PASS">
          <reporter-output>
          </reporter-output>
        </test-method> <!-- validLogin -->
        <test-method is-config="true" signature="tearDown()[pri:0, instance:tests.LoginTests@5be6e01c]" started-at="2025-11-14T22:36:40 EET" name="tearDown" finished-at="2025-11-14T22:36:43 EET" duration-ms="2139" status="PASS">
          <reporter-output>
          </reporter-output>
        </test-method> <!-- tearDown -->
      </class> <!-- tests.LoginTests -->
      <class name="tests.SortingTests">
        <test-method is-config="true" signature="setup(java.lang.String,boolean)[pri:0, instance:tests.SortingTests@22a637e7]" started-at="2025-11-14T22:36:57 EET" name="setup" finished-at="2025-11-14T22:37:04 EET" duration-ms="6787" status="PASS">
          <params>
            <param index="0">
              <value>
                <![CDATA[chrome]]>
              </value>
            </param>
            <param index="1">
              <value>
                <![CDATA[false]]>
              </value>
            </param>
          </params>
          <reporter-output>
          </reporter-output>
        </test-method> <!-- setup -->
        <test-method signature="sortProductsTest()[pri:0, instance:tests.SortingTests@22a637e7]" started-at="2025-11-14T22:37:04 EET" name="sortProductsTest" finished-at="2025-11-14T22:37:06 EET" duration-ms="2926" status="PASS">
          <reporter-output>
          </reporter-output>
        </test-method> <!-- sortProductsTest -->
        <test-method is-config="true" signature="tearDown()[pri:0, instance:tests.SortingTests@22a637e7]" started-at="2025-11-14T22:37:06 EET" name="tearDown" finished-at="2025-11-14T22:37:10 EET" duration-ms="4025" status="PASS">
          <reporter-output>
          </reporter-output>
        </test-method> <!-- tearDown -->
      </class> <!-- tests.SortingTests -->
      <class name="tests.ProductTests">
        <test-method is-config="true" signature="setup(java.lang.String,boolean)[pri:0, instance:tests.ProductTests@69b2283a]" started-at="2025-11-14T22:36:43 EET" name="setup" finished-at="2025-11-14T22:36:49 EET" duration-ms="6483" status="PASS">
          <params>
            <param index="0">
              <value>
                <![CDATA[chrome]]>
              </value>
            </param>
            <param index="1">
              <value>
                <![CDATA[false]]>
              </value>
            </param>
          </params>
          <reporter-output>
          </reporter-output>
        </test-method> <!-- setup -->
        <test-method signature="productListingTest()[pri:0, instance:tests.ProductTests@69b2283a]" started-at="2025-11-14T22:36:49 EET" name="productListingTest" finished-at="2025-11-14T22:36:50 EET" duration-ms="1106" status="PASS">
          <reporter-output>
          </reporter-output>
        </test-method> <!-- productListingTest -->
        <test-method is-config="true" signature="tearDown()[pri:0, instance:tests.ProductTests@69b2283a]" started-at="2025-11-14T22:36:50 EET" name="tearDown" finished-at="2025-11-14T22:36:57 EET" duration-ms="6536" status="PASS">
          <reporter-output>
          </reporter-output>
        </test-method> <!-- tearDown -->
      </class> <!-- tests.ProductTests -->
    </test> <!-- Chrome - Login & Products Tests -->
    <test started-at="2025-11-14T22:37:11 EET" name="Chrome - Cart &amp; Checkout Tests" finished-at="2025-11-14T22:37:11 EET" duration-ms="0">
    </test> <!-- Chrome - Cart & Checkout Tests -->
    <test started-at="2025-11-14T22:37:11 EET" name="Firefox - Cart &amp; Checkout Tests" finished-at="2025-11-14T22:37:11 EET" duration-ms="0">
      <class name="tests.LoginTests">
        <test-method is-config="true" signature="setupReport()[pri:0, instance:tests.LoginTests@7e0b85f9]" started-at="2025-11-14T22:36:08 EET" name="setupReport" finished-at="2025-11-14T22:36:08 EET" duration-ms="554" status="PASS">
          <reporter-output>
          </reporter-output>
        </test-method> <!-- setupReport -->
        <test-method is-config="true" signature="flushReport()[pri:0, instance:tests.LoginTests@7e0b85f9]" started-at="2025-11-14T22:37:41 EET" name="flushReport" finished-at="2025-11-14T22:37:41 EET" duration-ms="574" status="PASS">
          <reporter-output>
          </reporter-output>
        </test-method> <!-- flushReport -->
      </class> <!-- tests.LoginTests -->
    </test> <!-- Firefox - Cart & Checkout Tests -->
    <test started-at="2025-11-14T22:36:08 EET" name="Firefox - Login &amp; Products Tests" finished-at="2025-11-14T22:37:41 EET" duration-ms="92429">
      <class name="tests.LoginTests">
        <test-method is-config="true" signature="setup(java.lang.String,boolean)[pri:0, instance:tests.LoginTests@7e0b85f9]" started-at="2025-11-14T22:36:08 EET" name="setup" finished-at="2025-11-14T22:36:29 EET" duration-ms="20661" status="PASS">
          <params>
            <param index="0">
              <value>
                <![CDATA[firefox]]>
              </value>
            </param>
            <param index="1">
              <value>
                <![CDATA[false]]>
              </value>
            </param>
          </params>
          <reporter-output>
          </reporter-output>
        </test-method> <!-- setup -->
        <test-method signature="invalidLogin()[pri:0, instance:tests.LoginTests@7e0b85f9]" started-at="2025-11-14T22:36:29 EET" name="invalidLogin" finished-at="2025-11-14T22:36:30 EET" duration-ms="1089" status="PASS">
          <reporter-output>
          </reporter-output>
        </test-method> <!-- invalidLogin -->
        <test-method is-config="true" signature="tearDown()[pri:0, instance:tests.LoginTests@7e0b85f9]" started-at="2025-11-14T22:36:30 EET" name="tearDown" finished-at="2025-11-14T22:36:38 EET" duration-ms="8151" status="PASS">
          <reporter-output>
          </reporter-output>
        </test-method> <!-- tearDown -->
        <test-method is-config="true" signature="setup(java.lang.String,boolean)[pri:0, instance:tests.LoginTests@7e0b85f9]" started-at="2025-11-14T22:36:38 EET" name="setup" finished-at="2025-11-14T22:36:51 EET" duration-ms="13134" status="PASS">
          <params>
            <param index="0">
              <value>
                <![CDATA[firefox]]>
              </value>
            </param>
            <param index="1">
              <value>
                <![CDATA[false]]>
              </value>
            </param>
          </params>
          <reporter-output>
          </reporter-output>
        </test-method> <!-- setup -->
        <test-method signature="lockedUserLogin()[pri:0, instance:tests.LoginTests@7e0b85f9]" started-at="2025-11-14T22:36:51 EET" name="lockedUserLogin" finished-at="2025-11-14T22:36:52 EET" duration-ms="606" status="PASS">
          <reporter-output>
          </reporter-output>
        </test-method> <!-- lockedUserLogin -->
        <test-method is-config="true" signature="tearDown()[pri:0, instance:tests.LoginTests@7e0b85f9]" started-at="2025-11-14T22:36:52 EET" name="tearDown" finished-at="2025-11-14T22:36:55 EET" duration-ms="3498" status="PASS">
          <reporter-output>
          </reporter-output>
        </test-method> <!-- tearDown -->
        <test-method is-config="true" signature="setup(java.lang.String,boolean)[pri:0, instance:tests.LoginTests@7e0b85f9]" started-at="2025-11-14T22:36:55 EET" name="setup" finished-at="2025-11-14T22:37:07 EET" duration-ms="11299" status="PASS">
          <params>
            <param index="0">
              <value>
                <![CDATA[firefox]]>
              </value>
            </param>
            <param index="1">
              <value>
                <![CDATA[false]]>
              </value>
            </param>
          </params>
          <reporter-output>
          </reporter-output>
        </test-method> <!-- setup -->
        <test-method signature="validLogin()[pri:0, instance:tests.LoginTests@7e0b85f9]" started-at="2025-11-14T22:37:07 EET" name="validLogin" finished-at="2025-11-14T22:37:07 EET" duration-ms="585" status="PASS">
          <reporter-output>
          </reporter-output>
        </test-method> <!-- validLogin -->
        <test-method is-config="true" signature="tearDown()[pri:0, instance:tests.LoginTests@7e0b85f9]" started-at="2025-11-14T22:37:07 EET" name="tearDown" finished-at="2025-11-14T22:37:13 EET" duration-ms="5342" status="PASS">
          <reporter-output>
          </reporter-output>
        </test-method> <!-- tearDown -->
      </class> <!-- tests.LoginTests -->
      <class name="tests.SortingTests">
        <test-method is-config="true" signature="setup(java.lang.String,boolean)[pri:0, instance:tests.SortingTests@9353778]" started-at="2025-11-14T22:37:25 EET" name="setup" finished-at="2025-11-14T22:37:34 EET" duration-ms="9146" status="PASS">
          <params>
            <param index="0">
              <value>
                <![CDATA[firefox]]>
              </value>
            </param>
            <param index="1">
              <value>
                <![CDATA[false]]>
              </value>
            </param>
          </params>
          <reporter-output>
          </reporter-output>
        </test-method> <!-- setup -->
        <test-method signature="sortProductsTest()[pri:0, instance:tests.SortingTests@9353778]" started-at="2025-11-14T22:37:34 EET" name="sortProductsTest" finished-at="2025-11-14T22:37:35 EET" duration-ms="568" status="PASS">
          <reporter-output>
          </reporter-output>
        </test-method> <!-- sortProductsTest -->
        <test-method is-config="true" signature="tearDown()[pri:0, instance:tests.SortingTests@9353778]" started-at="2025-11-14T22:37:35 EET" name="tearDown" finished-at="2025-11-14T22:37:41 EET" duration-ms="5965" status="PASS">
          <reporter-output>
          </reporter-output>
        </test-method> <!-- tearDown -->
      </class> <!-- tests.SortingTests -->
      <class name="tests.ProductTests">
        <test-method is-config="true" signature="setup(java.lang.String,boolean)[pri:0, instance:tests.ProductTests@63355449]" started-at="2025-11-14T22:37:13 EET" name="setup" finished-at="2025-11-14T22:37:21 EET" duration-ms="8786" status="PASS">
          <params>
            <param index="0">
              <value>
                <![CDATA[firefox]]>
              </value>
            </param>
            <param index="1">
              <value>
                <![CDATA[false]]>
              </value>
            </param>
          </params>
          <reporter-output>
          </reporter-output>
        </test-method> <!-- setup -->
        <test-method signature="productListingTest()[pri:0, instance:tests.ProductTests@63355449]" started-at="2025-11-14T22:37:21 EET" name="productListingTest" finished-at="2025-11-14T22:37:22 EET" duration-ms="530" status="PASS">
          <reporter-output>
          </reporter-output>
        </test-method> <!-- productListingTest -->
        <test-method is-config="true" signature="tearDown()[pri:0, instance:tests.ProductTests@63355449]" started-at="2025-11-14T22:37:22 EET" name="tearDown" finished-at="2025-11-14T22:37:25 EET" duration-ms="2999" status="PASS">
          <reporter-output>
          </reporter-output>
        </test-method> <!-- tearDown -->
      </class> <!-- tests.ProductTests -->
    </test> <!-- Firefox - Login & Products Tests -->
  </suite> <!-- SauceDemo Unified Suite -->
</testng-results>
