<?xml version="1.0" encoding="UTF-8"?>
<!-- Generated by org.testng.reporters.JUnitXMLReporter -->
<testsuite ignored="4" hostname="DESKTOP-QQN04FF" failures="0" tests="5" name="Firefox - Login &amp; Products Tests" time="92.429" errors="0" timestamp="2025-11-14T22:37:41 EET">
  <testcase classname="tests.LoginTests" name="invalidLogin" time="1.089"/>
  <testcase classname="tests.LoginTests" name="lockedUserLogin" time="0.606"/>
  <testcase classname="tests.LoginTests" name="validLogin" time="0.585"/>
  <testcase classname="tests.ProductTests" name="productListingTest" time="0.53"/>
  <testcase classname="tests.SortingTests" name="sortProductsTest" time="0.568"/>
  <testcase classname="base.BaseTest" name="@AfterSuite flushReport" time="0.0">
    <ignored/>
  </testcase> <!-- @AfterSuite flushReport -->
  <testcase classname="base.BaseTest" name="@AfterSuite flushReport" time="0.0">
    <ignored/>
  </testcase> <!-- @AfterSuite flushReport -->
  <testcase classname="base.BaseTest" name="@BeforeSuite setupReport" time="0.0">
    <ignored/>
  </testcase> <!-- @BeforeSuite setupReport -->
  <testcase classname="base.BaseTest" name="@BeforeSuite setupReport" time="0.0">
    <ignored/>
  </testcase> <!-- @BeforeSuite setupReport -->
</testsuite> <!-- Firefox - Login & Products Tests -->
