<?xml version="1.0" encoding="UTF-8"?>
<!-- Generated by org.testng.reporters.JUnitReportReporter -->
<testsuite hostname="DESKTOP-QQN04FF" failures="0" tests="6" name="tests.LoginTests" time="98.630" errors="0" timestamp="2025-11-14T22:37:42 EET" skipped="0">
  <testcase classname="tests.LoginTests" name="invalidLogin" time="25.248"/>
  <system-out/>
  <testcase classname="tests.LoginTests" name="invalidLogin" time="8.349"/>
  <system-out/>
  <testcase classname="tests.LoginTests" name="lockedUserLogin" time="12.739"/>
  <system-out/>
  <testcase classname="tests.LoginTests" name="validLogin" time="20.035"/>
  <system-out/>
  <testcase classname="tests.LoginTests" name="validLogin" time="13.177"/>
  <system-out/>
  <testcase classname="tests.LoginTests" name="lockedUserLogin" time="19.082"/>
  <system-out/>
</testsuite> <!-- tests.LoginTests -->
