<?xml version="1.0" encoding="UTF-8"?>
<!-- Generated by org.testng.reporters.JUnitReportReporter -->
<testsuite hostname="DESKTOP-QQN04FF" failures="0" tests="2" name="tests.ProductTests" time="26.440" errors="0" timestamp="2025-11-14T22:37:42 EET" skipped="0">
  <testcase classname="tests.ProductTests" name="productListingTest" time="12.315"/>
  <system-out/>
  <testcase classname="tests.ProductTests" name="productListingTest" time="14.125"/>
  <system-out/>
</testsuite> <!-- tests.ProductTests -->
