<?xml version="1.0" encoding="UTF-8"?>
<!-- Generated by org.testng.reporters.JUnitReportReporter -->
<testsuite hostname="DESKTOP-QQN04FF" failures="0" tests="2" name="tests.SortingTests" time="29.417" errors="0" timestamp="2025-11-14T22:37:42 EET" skipped="0">
  <testcase classname="tests.SortingTests" name="sortProductsTest" time="15.679"/>
  <system-out/>
  <testcase classname="tests.SortingTests" name="sortProductsTest" time="13.738"/>
  <system-out/>
</testsuite> <!-- tests.SortingTests -->
